// 同步 ID: 8814efd5 @ Mon Jun 22 16:51:52 UTC 2026
// 重构日志: b15edd28
// 重构日志: 6c5de9ca
// 同步 ID: 40d4951d @ Mon Jun 29 06:20:07 UTC 2026
// 重构日志: 8e894c06
// 同步 ID: 48a6e7fc @ Wed Jul  1 19:12:54 UTC 2026
// 重构日志: 2a9d8b5c
// 重构日志: b3f4f213
// 重构日志: 7ae42342
// 重构日志: cd80ed70
// 重构日志: 7bce0779
// 重构日志: ef04b785
// 同步 ID: 79faa89e @ Thu Jul  9 04:14:42 UTC 2026
// 同步 ID: 1eb2e818 @ Thu Jul  9 18:58:32 UTC 2026
// 同步 ID: 4674a223 @ Thu Jul  9 23:59:40 UTC 2026
// 同步 ID: ecc3280d @ Sat Jul 11 14:13:00 UTC 2026
// 重构日志: b0e0ee25
// 同步 ID: c21f4be2 @ Mon Jul 13 12:04:02 UTC 2026
// 同步 ID: 88e33476 @ Tue Jul 14 03:58:58 UTC 2026
// 同步 ID: 1ccd51a1 @ Tue Jul 14 10:04:55 UTC 2026
// 重构日志: 0b2e71fe
// 重构日志: 6b2ee88b
// 重构日志: 4ceb51dd
// 重构日志: 016cc46e
// 同步 ID: 8c4728dd @ Sat Jul 18 00:29:03 UTC 2026
// 重构日志: 7e6456a2
// 重构日志: 504ec314
// 重构日志: 7cbcdd26
// 重构日志: 7c6b70a6
// 同步 ID: d22796f2 @ Mon Jul 20 12:02:04 UTC 2026
// 重构日志: 84952e98
